# JRE version: Java(TM) SE Runtime Environment (8.0_221-b11) (build 1.8.0_221-b11)
# Java VM: Java HotSpot(TM) 64-Bit Server VM (25.221-b11 mixed mode windows-amd64 compressed oops)
Heap:
 PSYoungGen      total 539648K, used 272208K [0x00000000d5580000, 0x0000000100000000, 0x0000000100000000)
  eden space 408064K, 38% used [0x00000000d5580000,0x00000000dedb5030,0x00000000ee400000)
  from space 131584K, 88% used [0x00000000f7e00000,0x00000000fef9f1f0,0x00000000ffe80000)
  to   space 145408K, 0% used [0x00000000ee400000,0x00000000ee400000,0x00000000f7200000)
 ParOldGen       total 616960K, used 316511K [0x0000000080000000, 0x00000000a5a80000, 0x00000000d5580000)
  object space 616960K, 51% used [0x0000000080000000,0x0000000093517d68,0x00000000a5a80000)
 Metaspace       used 151921K, capacity 165370K, committed 165592K, reserved 1191936K
  class space    used 19866K, capacity 22229K, committed 22272K, reserved 1048576K
GC Heap History (10 events):
Event: 2035.866 GC heap before
{Heap before GC invocations=43 (full 5):
 PSYoungGen      total 607232K, used 602602K [0x00000000d5580000, 0x0000000100000000, 0x0000000100000000)
  eden space 515584K, 99% used [0x00000000d5580000,0x00000000f4881b00,0x00000000f4d00000)
  from space 91648K, 99% used [0x00000000f4d00000,0x00000000fa678d88,0x00000000fa680000)
  to   space 91648K, 0% used [0x00000000fa680000,0x00000000fa680000,0x0000000100000000)
 ParOldGen       total 616960K, used 287163K [0x0000000080000000, 0x00000000a5a80000, 0x00000000d5580000)
  object space 616960K, 46% used [0x0000000080000000,0x000000009186ec70,0x00000000a5a80000)
 Metaspace       used 137844K, capacity 147408K, committed 147544K, reserved 1177600K
  class space    used 18068K, capacity 19775K, committed 19840K, reserved 1048576K
Event: 2035.984 GC heap after
Heap after GC invocations=43 (full 5):
 PSYoungGen      total 522240K, used 91647K [0x00000000d5580000, 0x0000000100000000, 0x0000000100000000)
  eden space 430592K, 0% used [0x00000000d5580000,0x00000000d5580000,0x00000000efa00000)
  from space 91648K, 99% used [0x00000000fa680000,0x00000000fffffe60,0x0000000100000000)
  to   space 134144K, 0% used [0x00000000efa00000,0x00000000efa00000,0x00000000f7d00000)
 ParOldGen       total 616960K, used 304919K [0x0000000080000000, 0x00000000a5a80000, 0x00000000d5580000)
  object space 616960K, 49% used [0x0000000080000000,0x00000000929c5dd8,0x00000000a5a80000)
 Metaspace       used 137844K, capacity 147408K, committed 147544K, reserved 1177600K
  class space    used 18068K, capacity 19775K, committed 19840K, reserved 1048576K
}
Event: 2317.512 GC heap before
{Heap before GC invocations=44 (full 5):
 PSYoungGen      total 522240K, used 522239K [0x00000000d5580000, 0x0000000100000000, 0x0000000100000000)
  eden space 430592K, 100% used [0x00000000d5580000,0x00000000efa00000,0x00000000efa00000)
  from space 91648K, 99% used [0x00000000fa680000,0x00000000fffffe60,0x0000000100000000)
  to   space 134144K, 0% used [0x00000000efa00000,0x00000000efa00000,0x00000000f7d00000)
 ParOldGen       total 616960K, used 304919K [0x0000000080000000, 0x00000000a5a80000, 0x00000000d5580000)
  object space 616960K, 49% used [0x0000000080000000,0x00000000929c5dd8,0x00000000a5a80000)
 Metaspace       used 147331K, capacity 159892K, committed 159960K, reserved 1187840K
  class space    used 19381K, capacity 21486K, committed 21504K, reserved 1048576K
Event: 2317.639 GC heap after
Heap after GC invocations=44 (full 5):
 PSYoungGen      total 512512K, used 81652K [0x00000000d5580000, 0x0000000100000000, 0x0000000100000000)
  eden space 430592K, 0% used [0x00000000d5580000,0x00000000d5580000,0x00000000efa00000)
  from space 81920K, 99% used [0x00000000efa00000,0x00000000f49bd310,0x00000000f4a00000)
  to   space 136192K, 0% used [0x00000000f7b00000,0x00000000f7b00000,0x0000000100000000)
 ParOldGen       total 616960K, used 314644K [0x0000000080000000, 0x00000000a5a80000, 0x00000000d5580000)
  object space 616960K, 50% used [0x0000000080000000,0x0000000093345008,0x00000000a5a80000)
 Metaspace       used 147331K, capacity 159892K, committed 159960K, reserved 1187840K
  class space    used 19381K, capacity 21486K, committed 21504K, reserved 1048576K
}
Event: 2456.048 GC heap before
{Heap before GC invocations=45 (full 5):
 PSYoungGen      total 512512K, used 512244K [0x00000000d5580000, 0x0000000100000000, 0x0000000100000000)
  eden space 430592K, 100% used [0x00000000d5580000,0x00000000efa00000,0x00000000efa00000)
  from space 81920K, 99% used [0x00000000efa00000,0x00000000f49bd310,0x00000000f4a00000)
  to   space 136192K, 0% used [0x00000000f7b00000,0x00000000f7b00000,0x0000000100000000)
 ParOldGen       total 616960K, used 314644K [0x0000000080000000, 0x00000000a5a80000, 0x00000000d5580000)
  object space 616960K, 50% used [0x0000000080000000,0x0000000093345008,0x00000000a5a80000)
 Metaspace       used 148119K, capacity 160866K, committed 161112K, reserved 1189888K
  class space    used 19440K, capacity 21609K, committed 21632K, reserved 1048576K
Event: 2456.293 GC heap after
Heap after GC invocations=45 (full 5):
 PSYoungGen      total 570368K, used 55332K [0x00000000d5580000, 0x0000000100000000, 0x0000000100000000)
  eden space 434176K, 0% used [0x00000000d5580000,0x00000000d5580000,0x00000000efd80000)
  from space 136192K, 40% used [0x00000000f7b00000,0x00000000fb109370,0x0000000100000000)
  to   space 128512K, 0% used [0x00000000efd80000,0x00000000efd80000,0x00000000f7b00000)
 ParOldGen       total 616960K, used 314652K [0x0000000080000000, 0x00000000a5a80000, 0x00000000d5580000)
  object space 616960K, 51% used [0x0000000080000000,0x0000000093347008,0x00000000a5a80000)
 Metaspace       used 148119K, capacity 160866K, committed 161112K, reserved 1189888K
  class space    used 19440K, capacity 21609K, committed 21632K, reserved 1048576K
}
Event: 2566.136 GC heap before
{Heap before GC invocations=46 (full 5):
 PSYoungGen      total 570368K, used 489508K [0x00000000d5580000, 0x0000000100000000, 0x0000000100000000)
  eden space 434176K, 100% used [0x00000000d5580000,0x00000000efd80000,0x00000000efd80000)
  from space 136192K, 40% used [0x00000000f7b00000,0x00000000fb109370,0x0000000100000000)
  to   space 128512K, 0% used [0x00000000efd80000,0x00000000efd80000,0x00000000f7b00000)
 ParOldGen       total 616960K, used 314652K [0x0000000080000000, 0x00000000a5a80000, 0x00000000d5580000)
  object space 616960K, 51% used [0x0000000080000000,0x0000000093347008,0x00000000a5a80000)
 Metaspace       used 151890K, capacity 165300K, committed 165592K, reserved 1191936K
  class space    used 19865K, capacity 22228K, committed 22272K, reserved 1048576K
Event: 2566.430 GC heap after
Heap after GC invocations=46 (full 5):
 PSYoungGen      total 562688K, used 83762K [0x00000000d5580000, 0x00000000ffe80000, 0x0000000100000000)
  eden space 434176K, 0% used [0x00000000d5580000,0x00000000d5580000,0x00000000efd80000)
  from space 128512K, 65% used [0x00000000efd80000,0x00000000f4f4cbd0,0x00000000f7b00000)
  to   space 131584K, 0% used [0x00000000f7e00000,0x00000000f7e00000,0x00000000ffe80000)
 ParOldGen       total 616960K, used 314652K [0x0000000080000000, 0x00000000a5a80000, 0x00000000d5580000)
  object space 616960K, 51% used [0x0000000080000000,0x0000000093347008,0x00000000a5a80000)
 Metaspace       used 151890K, capacity 165300K, committed 165592K, reserved 1191936K
  class space    used 19865K, capacity 22228K, committed 22272K, reserved 1048576K
}
Event: 2571.585 GC heap before
{Heap before GC invocations=47 (full 5):
 PSYoungGen      total 562688K, used 517938K [0x00000000d5580000, 0x00000000ffe80000, 0x0000000100000000)
  eden space 434176K, 100% used [0x00000000d5580000,0x00000000efd80000,0x00000000efd80000)
  from space 128512K, 65% used [0x00000000efd80000,0x00000000f4f4cbd0,0x00000000f7b00000)
  to   space 131584K, 0% used [0x00000000f7e00000,0x00000000f7e00000,0x00000000ffe80000)
 ParOldGen       total 616960K, used 316503K [0x0000000080000000, 0x00000000a5a80000, 0x00000000d5580000)
  object space 616960K, 51% used [0x0000000080000000,0x0000000093515d68,0x00000000a5a80000)
 Metaspace       used 151921K, capacity 165370K, committed 165592K, reserved 1191936K
  class space    used 19866K, capacity 22229K, committed 22272K, reserved 1048576K
Event: 2571.810 GC heap after
Heap after GC invocations=47 (full 5):
 PSYoungGen      total 539648K, used 116348K [0x00000000d5580000, 0x0000000100000000, 0x0000000100000000)
  eden space 408064K, 0% used [0x00000000d5580000,0x00000000d5580000,0x00000000ee400000)
  from space 131584K, 88% used [0x00000000f7e00000,0x00000000fef9f1f0,0x00000000ffe80000)
  to   space 145408K, 0% used [0x00000000ee400000,0x00000000ee400000,0x00000000f7200000)
 ParOldGen       total 616960K, used 316511K [0x0000000080000000, 0x00000000a5a80000, 0x00000000d5580000)
  object space 616960K, 51% used [0x0000000080000000,0x0000000093517d68,0x00000000a5a80000)
 Metaspace       used 151921K, capacity 165370K, committed 165592K, reserved 1191936K
  class space    used 19866K, capacity 22229K, committed 22272K, reserved 1048576K
}

