# JRE version: Java(TM) SE Runtime Environment (8.0_221-b11) (build 1.8.0_221-b11)
# Java VM: Java HotSpot(TM) 64-Bit Server VM (25.221-b11 mixed mode windows-amd64 compressed oops)
Heap:
 PSYoungGen      total 321536K, used 284245K [0x00000000d5580000, 0x00000000ebb80000, 0x0000000100000000)
  eden space 280576K, 90% used [0x00000000d5580000,0x00000000e4d932c0,0x00000000e6780000)
  from space 40960K, 73% used [0x00000000e9380000,0x00000000eb102208,0x00000000ebb80000)
  to   space 43008K, 0% used [0x00000000e6780000,0x00000000e6780000,0x00000000e9180000)
 ParOldGen       total 378880K, used 215793K [0x0000000080000000, 0x0000000097200000, 0x00000000d5580000)
  object space 378880K, 56% used [0x0000000080000000,0x000000008d2bc668,0x0000000097200000)
 Metaspace       used 107232K, capacity 113632K, committed 113920K, reserved 1146880K
  class space    used 14360K, capacity 15544K, committed 15616K, reserved 1048576K
GC Heap History (10 events):
Event: 129.301 GC heap before
{Heap before GC invocations=30 (full 4):
 PSYoungGen      total 323584K, used 283840K [0x00000000d5580000, 0x00000000ebb80000, 0x0000000100000000)
  eden space 280576K, 100% used [0x00000000d5580000,0x00000000e6780000,0x00000000e6780000)
  from space 43008K, 7% used [0x00000000e6780000,0x00000000e6ab0000,0x00000000e9180000)
  to   space 40960K, 0% used [0x00000000e9380000,0x00000000e9380000,0x00000000ebb80000)
 ParOldGen       total 378880K, used 207309K [0x0000000080000000, 0x0000000097200000, 0x00000000d5580000)
  object space 378880K, 54% used [0x0000000080000000,0x000000008ca73478,0x0000000097200000)
 Metaspace       used 106945K, capacity 113274K, committed 113408K, reserved 1146880K
  class space    used 14351K, capacity 15531K, committed 15616K, reserved 1048576K
Event: 129.317 GC heap after
Heap after GC invocations=30 (full 4):
 PSYoungGen      total 321536K, used 3657K [0x00000000d5580000, 0x00000000ebb80000, 0x0000000100000000)
  eden space 280576K, 0% used [0x00000000d5580000,0x00000000d5580000,0x00000000e6780000)
  from space 40960K, 8% used [0x00000000e9380000,0x00000000e97126d0,0x00000000ebb80000)
  to   space 43008K, 0% used [0x00000000e6780000,0x00000000e6780000,0x00000000e9180000)
 ParOldGen       total 378880K, used 210324K [0x0000000080000000, 0x0000000097200000, 0x00000000d5580000)
  object space 378880K, 55% used [0x0000000080000000,0x000000008cd65358,0x0000000097200000)
 Metaspace       used 106945K, capacity 113274K, committed 113408K, reserved 1146880K
  class space    used 14351K, capacity 15531K, committed 15616K, reserved 1048576K
}
Event: 130.715 GC heap before
{Heap before GC invocations=31 (full 4):
 PSYoungGen      total 321536K, used 284233K [0x00000000d5580000, 0x00000000ebb80000, 0x0000000100000000)
  eden space 280576K, 100% used [0x00000000d5580000,0x00000000e6780000,0x00000000e6780000)
  from space 40960K, 8% used [0x00000000e9380000,0x00000000e97126d0,0x00000000ebb80000)
  to   space 43008K, 0% used [0x00000000e6780000,0x00000000e6780000,0x00000000e9180000)
 ParOldGen       total 378880K, used 210324K [0x0000000080000000, 0x0000000097200000, 0x00000000d5580000)
  object space 378880K, 55% used [0x0000000080000000,0x000000008cd65358,0x0000000097200000)
 Metaspace       used 106951K, capacity 113278K, committed 113408K, reserved 1146880K
  class space    used 14351K, capacity 15531K, committed 15616K, reserved 1048576K
Event: 130.744 GC heap after
Heap after GC invocations=31 (full 4):
 PSYoungGen      total 323584K, used 3059K [0x00000000d5580000, 0x00000000ebb80000, 0x0000000100000000)
  eden space 280576K, 0% used [0x00000000d5580000,0x00000000d5580000,0x00000000e6780000)
  from space 43008K, 7% used [0x00000000e6780000,0x00000000e6a7cdc0,0x00000000e9180000)
  to   space 40960K, 0% used [0x00000000e9380000,0x00000000e9380000,0x00000000ebb80000)
 ParOldGen       total 378880K, used 213555K [0x0000000080000000, 0x0000000097200000, 0x00000000d5580000)
  object space 378880K, 56% used [0x0000000080000000,0x000000008d08cf88,0x0000000097200000)
 Metaspace       used 106951K, capacity 113278K, committed 113408K, reserved 1146880K
  class space    used 14351K, capacity 15531K, committed 15616K, reserved 1048576K
}
Event: 132.702 GC heap before
{Heap before GC invocations=32 (full 4):
 PSYoungGen      total 323584K, used 283635K [0x00000000d5580000, 0x00000000ebb80000, 0x0000000100000000)
  eden space 280576K, 100% used [0x00000000d5580000,0x00000000e6780000,0x00000000e6780000)
  from space 43008K, 7% used [0x00000000e6780000,0x00000000e6a7cdc0,0x00000000e9180000)
  to   space 40960K, 0% used [0x00000000e9380000,0x00000000e9380000,0x00000000ebb80000)
 ParOldGen       total 378880K, used 213555K [0x0000000080000000, 0x0000000097200000, 0x00000000d5580000)
  object space 378880K, 56% used [0x0000000080000000,0x000000008d08cf88,0x0000000097200000)
 Metaspace       used 107201K, capacity 113560K, committed 113664K, reserved 1146880K
  class space    used 14360K, capacity 15544K, committed 15616K, reserved 1048576K
Event: 132.738 GC heap after
Heap after GC invocations=32 (full 4):
 PSYoungGen      total 321536K, used 9414K [0x00000000d5580000, 0x00000000ebb80000, 0x0000000100000000)
  eden space 280576K, 0% used [0x00000000d5580000,0x00000000d5580000,0x00000000e6780000)
  from space 40960K, 22% used [0x00000000e9380000,0x00000000e9cb1990,0x00000000ebb80000)
  to   space 43008K, 0% used [0x00000000e6780000,0x00000000e6780000,0x00000000e9180000)
 ParOldGen       total 378880K, used 213555K [0x0000000080000000, 0x0000000097200000, 0x00000000d5580000)
  object space 378880K, 56% used [0x0000000080000000,0x000000008d08cf88,0x0000000097200000)
 Metaspace       used 107201K, capacity 113560K, committed 113664K, reserved 1146880K
  class space    used 14360K, capacity 15544K, committed 15616K, reserved 1048576K
}
Event: 134.451 GC heap before
{Heap before GC invocations=33 (full 4):
 PSYoungGen      total 321536K, used 289990K [0x00000000d5580000, 0x00000000ebb80000, 0x0000000100000000)
  eden space 280576K, 100% used [0x00000000d5580000,0x00000000e6780000,0x00000000e6780000)
  from space 40960K, 22% used [0x00000000e9380000,0x00000000e9cb1990,0x00000000ebb80000)
  to   space 43008K, 0% used [0x00000000e6780000,0x00000000e6780000,0x00000000e9180000)
 ParOldGen       total 378880K, used 213555K [0x0000000080000000, 0x0000000097200000, 0x00000000d5580000)
  object space 378880K, 56% used [0x0000000080000000,0x000000008d08cf88,0x0000000097200000)
 Metaspace       used 107210K, capacity 113624K, committed 113920K, reserved 1146880K
  class space    used 14360K, capacity 15544K, committed 15616K, reserved 1048576K
Event: 134.580 GC heap after
Heap after GC invocations=33 (full 4):
 PSYoungGen      total 323584K, used 23414K [0x00000000d5580000, 0x00000000ebb80000, 0x0000000100000000)
  eden space 280576K, 0% used [0x00000000d5580000,0x00000000d5580000,0x00000000e6780000)
  from space 43008K, 54% used [0x00000000e6780000,0x00000000e7e5d9e0,0x00000000e9180000)
  to   space 40960K, 0% used [0x00000000e9380000,0x00000000e9380000,0x00000000ebb80000)
 ParOldGen       total 378880K, used 213555K [0x0000000080000000, 0x0000000097200000, 0x00000000d5580000)
  object space 378880K, 56% used [0x0000000080000000,0x000000008d08cf88,0x0000000097200000)
 Metaspace       used 107210K, capacity 113624K, committed 113920K, reserved 1146880K
  class space    used 14360K, capacity 15544K, committed 15616K, reserved 1048576K
}
Event: 136.001 GC heap before
{Heap before GC invocations=34 (full 4):
 PSYoungGen      total 323584K, used 303990K [0x00000000d5580000, 0x00000000ebb80000, 0x0000000100000000)
  eden space 280576K, 100% used [0x00000000d5580000,0x00000000e6780000,0x00000000e6780000)
  from space 43008K, 54% used [0x00000000e6780000,0x00000000e7e5d9e0,0x00000000e9180000)
  to   space 40960K, 0% used [0x00000000e9380000,0x00000000e9380000,0x00000000ebb80000)
 ParOldGen       total 378880K, used 213555K [0x0000000080000000, 0x0000000097200000, 0x00000000d5580000)
  object space 378880K, 56% used [0x0000000080000000,0x000000008d08cf88,0x0000000097200000)
 Metaspace       used 107222K, capacity 113624K, committed 113920K, reserved 1146880K
  class space    used 14360K, capacity 15544K, committed 15616K, reserved 1048576K
Event: 136.083 GC heap after
Heap after GC invocations=34 (full 4):
 PSYoungGen      total 321536K, used 30216K [0x00000000d5580000, 0x00000000ebb80000, 0x0000000100000000)
  eden space 280576K, 0% used [0x00000000d5580000,0x00000000d5580000,0x00000000e6780000)
  from space 40960K, 73% used [0x00000000e9380000,0x00000000eb102208,0x00000000ebb80000)
  to   space 43008K, 0% used [0x00000000e6780000,0x00000000e6780000,0x00000000e9180000)
 ParOldGen       total 378880K, used 215793K [0x0000000080000000, 0x0000000097200000, 0x00000000d5580000)
  object space 378880K, 56% used [0x0000000080000000,0x000000008d2bc668,0x0000000097200000)
 Metaspace       used 107222K, capacity 113624K, committed 113920K, reserved 1146880K
  class space    used 14360K, capacity 15544K, committed 15616K, reserved 1048576K
}

