# JRE version: Java(TM) SE Runtime Environment (8.0_221-b11) (build 1.8.0_221-b11)
# Java VM: Java HotSpot(TM) 64-Bit Server VM (25.221-b11 mixed mode windows-amd64 compressed oops)
Heap:
 PSYoungGen      total 200192K, used 165135K [0x00000000d5580000, 0x00000000e3680000, 0x0000000100000000)
  eden space 187904K, 81% used [0x00000000d5580000,0x00000000deaf3788,0x00000000e0d00000)
  from space 12288K, 98% used [0x00000000e2a80000,0x00000000e3650678,0x00000000e3680000)
  to   space 13312K, 0% used [0x00000000e1c80000,0x00000000e1c80000,0x00000000e2980000)
 ParOldGen       total 125440K, used 17323K [0x0000000080000000, 0x0000000087a80000, 0x00000000d5580000)
  object space 125440K, 13% used [0x0000000080000000,0x00000000810eaf80,0x0000000087a80000)
 Metaspace       used 54352K, capacity 56368K, committed 56576K, reserved 1097728K
  class space    used 7450K, capacity 7912K, committed 7936K, reserved 1048576K
GC Heap History (10 events):
Event: 12.649 GC heap before
{Heap before GC invocations=6 (full 1):
 PSYoungGen      total 76288K, used 65536K [0x00000000d5580000, 0x00000000dea80000, 0x0000000100000000)
  eden space 65536K, 100% used [0x00000000d5580000,0x00000000d9580000,0x00000000d9580000)
  from space 10752K, 0% used [0x00000000da000000,0x00000000da000000,0x00000000daa80000)
  to   space 10752K, 0% used [0x00000000d9580000,0x00000000d9580000,0x00000000da000000)
 ParOldGen       total 87040K, used 7700K [0x0000000080000000, 0x0000000085500000, 0x00000000d5580000)
  object space 87040K, 8% used [0x0000000080000000,0x00000000807851a8,0x0000000085500000)
 Metaspace       used 28197K, capacity 28910K, committed 29056K, reserved 1075200K
  class space    used 3983K, capacity 4200K, committed 4224K, reserved 1048576K
Event: 12.674 GC heap after
Heap after GC invocations=6 (full 1):
 PSYoungGen      total 76288K, used 8091K [0x00000000d5580000, 0x00000000de180000, 0x0000000100000000)
  eden space 65536K, 0% used [0x00000000d5580000,0x00000000d5580000,0x00000000d9580000)
  from space 10752K, 75% used [0x00000000d9580000,0x00000000d9d66c18,0x00000000da000000)
  to   space 12800K, 0% used [0x00000000dd500000,0x00000000dd500000,0x00000000de180000)
 ParOldGen       total 87040K, used 7708K [0x0000000080000000, 0x0000000085500000, 0x00000000d5580000)
  object space 87040K, 8% used [0x0000000080000000,0x00000000807871a8,0x0000000085500000)
 Metaspace       used 28197K, capacity 28910K, committed 29056K, reserved 1075200K
  class space    used 3983K, capacity 4200K, committed 4224K, reserved 1048576K
}
Event: 14.025 GC heap before
{Heap before GC invocations=7 (full 1):
 PSYoungGen      total 76288K, used 73627K [0x00000000d5580000, 0x00000000de180000, 0x0000000100000000)
  eden space 65536K, 100% used [0x00000000d5580000,0x00000000d9580000,0x00000000d9580000)
  from space 10752K, 75% used [0x00000000d9580000,0x00000000d9d66c18,0x00000000da000000)
  to   space 12800K, 0% used [0x00000000dd500000,0x00000000dd500000,0x00000000de180000)
 ParOldGen       total 87040K, used 7708K [0x0000000080000000, 0x0000000085500000, 0x00000000d5580000)
  object space 87040K, 8% used [0x0000000080000000,0x00000000807871a8,0x0000000085500000)
 Metaspace       used 32436K, capacity 33416K, committed 33536K, reserved 1077248K
  class space    used 4504K, capacity 4761K, committed 4864K, reserved 1048576K
Event: 14.044 GC heap after
Heap after GC invocations=7 (full 1):
 PSYoungGen      total 125440K, used 9077K [0x00000000d5580000, 0x00000000dde80000, 0x0000000100000000)
  eden space 115712K, 0% used [0x00000000d5580000,0x00000000d5580000,0x00000000dc680000)
  from space 9728K, 93% used [0x00000000dd500000,0x00000000ddddd5e0,0x00000000dde80000)
  to   space 12288K, 0% used [0x00000000dc680000,0x00000000dc680000,0x00000000dd280000)
 ParOldGen       total 87040K, used 7716K [0x0000000080000000, 0x0000000085500000, 0x00000000d5580000)
  object space 87040K, 8% used [0x0000000080000000,0x00000000807891a8,0x0000000085500000)
 Metaspace       used 32436K, capacity 33416K, committed 33536K, reserved 1077248K
  class space    used 4504K, capacity 4761K, committed 4864K, reserved 1048576K
}
Event: 14.934 GC heap before
{Heap before GC invocations=8 (full 1):
 PSYoungGen      total 125440K, used 46572K [0x00000000d5580000, 0x00000000dde80000, 0x0000000100000000)
  eden space 115712K, 32% used [0x00000000d5580000,0x00000000d7a1dc80,0x00000000dc680000)
  from space 9728K, 93% used [0x00000000dd500000,0x00000000ddddd5e0,0x00000000dde80000)
  to   space 12288K, 0% used [0x00000000dc680000,0x00000000dc680000,0x00000000dd280000)
 ParOldGen       total 87040K, used 7716K [0x0000000080000000, 0x0000000085500000, 0x00000000d5580000)
  object space 87040K, 8% used [0x0000000080000000,0x00000000807891a8,0x0000000085500000)
 Metaspace       used 34490K, capacity 35424K, committed 35496K, reserved 1079296K
  class space    used 4815K, capacity 5103K, committed 5120K, reserved 1048576K
Event: 14.969 GC heap after
Heap after GC invocations=8 (full 1):
 PSYoungGen      total 128000K, used 9978K [0x00000000d5580000, 0x00000000e3700000, 0x0000000100000000)
  eden space 115712K, 0% used [0x00000000d5580000,0x00000000d5580000,0x00000000dc680000)
  from space 12288K, 81% used [0x00000000dc680000,0x00000000dd03eb08,0x00000000dd280000)
  to   space 12800K, 0% used [0x00000000e2a80000,0x00000000e2a80000,0x00000000e3700000)
 ParOldGen       total 87040K, used 7724K [0x0000000080000000, 0x0000000085500000, 0x00000000d5580000)
  object space 87040K, 8% used [0x0000000080000000,0x000000008078b1a8,0x0000000085500000)
 Metaspace       used 34490K, capacity 35424K, committed 35496K, reserved 1079296K
  class space    used 4815K, capacity 5103K, committed 5120K, reserved 1048576K
}
Event: 14.969 GC heap before
{Heap before GC invocations=9 (full 2):
 PSYoungGen      total 128000K, used 9978K [0x00000000d5580000, 0x00000000e3700000, 0x0000000100000000)
  eden space 115712K, 0% used [0x00000000d5580000,0x00000000d5580000,0x00000000dc680000)
  from space 12288K, 81% used [0x00000000dc680000,0x00000000dd03eb08,0x00000000dd280000)
  to   space 12800K, 0% used [0x00000000e2a80000,0x00000000e2a80000,0x00000000e3700000)
 ParOldGen       total 87040K, used 7724K [0x0000000080000000, 0x0000000085500000, 0x00000000d5580000)
  object space 87040K, 8% used [0x0000000080000000,0x000000008078b1a8,0x0000000085500000)
 Metaspace       used 34490K, capacity 35424K, committed 35496K, reserved 1079296K
  class space    used 4815K, capacity 5103K, committed 5120K, reserved 1048576K
Event: 15.073 GC heap after
Heap after GC invocations=9 (full 2):
 PSYoungGen      total 128000K, used 0K [0x00000000d5580000, 0x00000000e3700000, 0x0000000100000000)
  eden space 115712K, 0% used [0x00000000d5580000,0x00000000d5580000,0x00000000dc680000)
  from space 12288K, 0% used [0x00000000dc680000,0x00000000dc680000,0x00000000dd280000)
  to   space 12800K, 0% used [0x00000000e2a80000,0x00000000e2a80000,0x00000000e3700000)
 ParOldGen       total 125440K, used 17315K [0x0000000080000000, 0x0000000087a80000, 0x00000000d5580000)
  object space 125440K, 13% used [0x0000000080000000,0x00000000810e8f80,0x0000000087a80000)
 Metaspace       used 34490K, capacity 35424K, committed 35496K, reserved 1079296K
  class space    used 4815K, capacity 5103K, committed 5120K, reserved 1048576K
}
Event: 18.030 GC heap before
{Heap before GC invocations=10 (full 2):
 PSYoungGen      total 128000K, used 115712K [0x00000000d5580000, 0x00000000e3700000, 0x0000000100000000)
  eden space 115712K, 100% used [0x00000000d5580000,0x00000000dc680000,0x00000000dc680000)
  from space 12288K, 0% used [0x00000000dc680000,0x00000000dc680000,0x00000000dd280000)
  to   space 12800K, 0% used [0x00000000e2a80000,0x00000000e2a80000,0x00000000e3700000)
 ParOldGen       total 125440K, used 17315K [0x0000000080000000, 0x0000000087a80000, 0x00000000d5580000)
  object space 125440K, 13% used [0x0000000080000000,0x00000000810e8f80,0x0000000087a80000)
 Metaspace       used 41984K, capacity 43522K, committed 43904K, reserved 1087488K
  class space    used 5862K, capacity 6208K, committed 6272K, reserved 1048576K
Event: 18.104 GC heap after
Heap after GC invocations=10 (full 2):
 PSYoungGen      total 200192K, used 12097K [0x00000000d5580000, 0x00000000e3680000, 0x0000000100000000)
  eden space 187904K, 0% used [0x00000000d5580000,0x00000000d5580000,0x00000000e0d00000)
  from space 12288K, 98% used [0x00000000e2a80000,0x00000000e3650678,0x00000000e3680000)
  to   space 13312K, 0% used [0x00000000e1c80000,0x00000000e1c80000,0x00000000e2980000)
 ParOldGen       total 125440K, used 17323K [0x0000000080000000, 0x0000000087a80000, 0x00000000d5580000)
  object space 125440K, 13% used [0x0000000080000000,0x00000000810eaf80,0x0000000087a80000)
 Metaspace       used 41984K, capacity 43522K, committed 43904K, reserved 1087488K
  class space    used 5862K, capacity 6208K, committed 6272K, reserved 1048576K
}

