# JRE version: Java(TM) SE Runtime Environment (8.0_221-b11) (build 1.8.0_221-b11)
# Java VM: Java HotSpot(TM) 64-Bit Server VM (25.221-b11 mixed mode windows-amd64 compressed oops)
Heap:
 PSYoungGen      total 376832K, used 52856K [0x00000000d5580000, 0x00000000f1700000, 0x0000000100000000)
  eden space 325632K, 4% used [0x00000000d5580000,0x00000000d641efa0,0x00000000e9380000)
  from space 51200K, 73% used [0x00000000ee500000,0x00000000f09ff400,0x00000000f1700000)
  to   space 48128K, 0% used [0x00000000e9380000,0x00000000e9380000,0x00000000ec280000)
 ParOldGen       total 379904K, used 81842K [0x0000000080000000, 0x0000000097300000, 0x00000000d5580000)
  object space 379904K, 21% used [0x0000000080000000,0x0000000084fec960,0x0000000097300000)
 Metaspace       used 125965K, capacity 135075K, committed 135256K, reserved 1165312K
  class space    used 16739K, capacity 18468K, committed 18560K, reserved 1048576K
GC Heap History (10 events):
Event: 575.516 GC heap before
{Heap before GC invocations=27 (full 4):
 PSYoungGen      total 369152K, used 358340K [0x00000000d5580000, 0x00000000ef180000, 0x0000000100000000)
  eden space 325632K, 100% used [0x00000000d5580000,0x00000000e9380000,0x00000000e9380000)
  from space 43520K, 75% used [0x00000000ec700000,0x00000000ee6f1020,0x00000000ef180000)
  to   space 48128K, 0% used [0x00000000e9380000,0x00000000e9380000,0x00000000ec280000)
 ParOldGen       total 379904K, used 70284K [0x0000000080000000, 0x0000000097300000, 0x00000000d5580000)
  object space 379904K, 18% used [0x0000000080000000,0x00000000844a3088,0x0000000097300000)
 Metaspace       used 110233K, capacity 118232K, committed 118488K, reserved 1150976K
  class space    used 14610K, capacity 16095K, committed 16128K, reserved 1048576K
Event: 575.563 GC heap after
Heap after GC invocations=27 (full 4):
 PSYoungGen      total 373760K, used 38124K [0x00000000d5580000, 0x00000000f1700000, 0x0000000100000000)
  eden space 325632K, 0% used [0x00000000d5580000,0x00000000d5580000,0x00000000e9380000)
  from space 48128K, 79% used [0x00000000e9380000,0x00000000eb8bb0f0,0x00000000ec280000)
  to   space 51200K, 0% used [0x00000000ee500000,0x00000000ee500000,0x00000000f1700000)
 ParOldGen       total 379904K, used 70292K [0x0000000080000000, 0x0000000097300000, 0x00000000d5580000)
  object space 379904K, 18% used [0x0000000080000000,0x00000000844a5088,0x0000000097300000)
 Metaspace       used 110233K, capacity 118232K, committed 118488K, reserved 1150976K
  class space    used 14610K, capacity 16095K, committed 16128K, reserved 1048576K
}
Event: 592.237 GC heap before
{Heap before GC invocations=28 (full 4):
 PSYoungGen      total 373760K, used 363756K [0x00000000d5580000, 0x00000000f1700000, 0x0000000100000000)
  eden space 325632K, 100% used [0x00000000d5580000,0x00000000e9380000,0x00000000e9380000)
  from space 48128K, 79% used [0x00000000e9380000,0x00000000eb8bb0f0,0x00000000ec280000)
  to   space 51200K, 0% used [0x00000000ee500000,0x00000000ee500000,0x00000000f1700000)
 ParOldGen       total 379904K, used 70292K [0x0000000080000000, 0x0000000097300000, 0x00000000d5580000)
  object space 379904K, 18% used [0x0000000080000000,0x00000000844a5088,0x0000000097300000)
 Metaspace       used 113617K, capacity 121656K, committed 121944K, reserved 1155072K
  class space    used 14955K, capacity 16494K, committed 16512K, reserved 1048576K
Event: 592.420 GC heap after
Heap after GC invocations=28 (full 4):
 PSYoungGen      total 376832K, used 51185K [0x00000000d5580000, 0x00000000f1700000, 0x0000000100000000)
  eden space 325632K, 0% used [0x00000000d5580000,0x00000000d5580000,0x00000000e9380000)
  from space 51200K, 99% used [0x00000000ee500000,0x00000000f16fc5c0,0x00000000f1700000)
  to   space 48128K, 0% used [0x00000000e9380000,0x00000000e9380000,0x00000000ec280000)
 ParOldGen       total 379904K, used 98149K [0x0000000080000000, 0x0000000097300000, 0x00000000d5580000)
  object space 379904K, 25% used [0x0000000080000000,0x0000000085fd9588,0x0000000097300000)
 Metaspace       used 113617K, capacity 121656K, committed 121944K, reserved 1155072K
  class space    used 14955K, capacity 16494K, committed 16512K, reserved 1048576K
}
Event: 595.876 GC heap before
{Heap before GC invocations=29 (full 4):
 PSYoungGen      total 376832K, used 172753K [0x00000000d5580000, 0x00000000f1700000, 0x0000000100000000)
  eden space 325632K, 37% used [0x00000000d5580000,0x00000000dcc380f8,0x00000000e9380000)
  from space 51200K, 99% used [0x00000000ee500000,0x00000000f16fc5c0,0x00000000f1700000)
  to   space 48128K, 0% used [0x00000000e9380000,0x00000000e9380000,0x00000000ec280000)
 ParOldGen       total 379904K, used 98149K [0x0000000080000000, 0x0000000097300000, 0x00000000d5580000)
  object space 379904K, 25% used [0x0000000080000000,0x0000000085fd9588,0x0000000097300000)
 Metaspace       used 116162K, capacity 124245K, committed 124504K, reserved 1157120K
  class space    used 15259K, capacity 16768K, committed 16768K, reserved 1048576K
Event: 595.978 GC heap after
Heap after GC invocations=29 (full 4):
 PSYoungGen      total 373760K, used 47153K [0x00000000d5580000, 0x00000000f1700000, 0x0000000100000000)
  eden space 325632K, 0% used [0x00000000d5580000,0x00000000d5580000,0x00000000e9380000)
  from space 48128K, 97% used [0x00000000e9380000,0x00000000ec18c710,0x00000000ec280000)
  to   space 51200K, 0% used [0x00000000ee500000,0x00000000ee500000,0x00000000f1700000)
 ParOldGen       total 379904K, used 106373K [0x0000000080000000, 0x0000000097300000, 0x00000000d5580000)
  object space 379904K, 28% used [0x0000000080000000,0x00000000867e14e0,0x0000000097300000)
 Metaspace       used 116162K, capacity 124245K, committed 124504K, reserved 1157120K
  class space    used 15259K, capacity 16768K, committed 16768K, reserved 1048576K
}
Event: 595.979 GC heap before
{Heap before GC invocations=30 (full 5):
 PSYoungGen      total 373760K, used 47153K [0x00000000d5580000, 0x00000000f1700000, 0x0000000100000000)
  eden space 325632K, 0% used [0x00000000d5580000,0x00000000d5580000,0x00000000e9380000)
  from space 48128K, 97% used [0x00000000e9380000,0x00000000ec18c710,0x00000000ec280000)
  to   space 51200K, 0% used [0x00000000ee500000,0x00000000ee500000,0x00000000f1700000)
 ParOldGen       total 379904K, used 106373K [0x0000000080000000, 0x0000000097300000, 0x00000000d5580000)
  object space 379904K, 28% used [0x0000000080000000,0x00000000867e14e0,0x0000000097300000)
 Metaspace       used 116162K, capacity 124245K, committed 124504K, reserved 1157120K
  class space    used 15259K, capacity 16768K, committed 16768K, reserved 1048576K
Event: 596.689 GC heap after
Heap after GC invocations=30 (full 5):
 PSYoungGen      total 373760K, used 0K [0x00000000d5580000, 0x00000000f1700000, 0x0000000100000000)
  eden space 325632K, 0% used [0x00000000d5580000,0x00000000d5580000,0x00000000e9380000)
  from space 48128K, 0% used [0x00000000e9380000,0x00000000e9380000,0x00000000ec280000)
  to   space 51200K, 0% used [0x00000000ee500000,0x00000000ee500000,0x00000000f1700000)
 ParOldGen       total 379904K, used 81842K [0x0000000080000000, 0x0000000097300000, 0x00000000d5580000)
  object space 379904K, 21% used [0x0000000080000000,0x0000000084fec960,0x0000000097300000)
 Metaspace       used 116056K, capacity 123865K, committed 124504K, reserved 1157120K
  class space    used 15230K, capacity 16644K, committed 16768K, reserved 1048576K
}
Event: 602.529 GC heap before
{Heap before GC invocations=31 (full 5):
 PSYoungGen      total 373760K, used 325632K [0x00000000d5580000, 0x00000000f1700000, 0x0000000100000000)
  eden space 325632K, 100% used [0x00000000d5580000,0x00000000e9380000,0x00000000e9380000)
  from space 48128K, 0% used [0x00000000e9380000,0x00000000e9380000,0x00000000ec280000)
  to   space 51200K, 0% used [0x00000000ee500000,0x00000000ee500000,0x00000000f1700000)
 ParOldGen       total 379904K, used 81842K [0x0000000080000000, 0x0000000097300000, 0x00000000d5580000)
  object space 379904K, 21% used [0x0000000080000000,0x0000000084fec960,0x0000000097300000)
 Metaspace       used 125900K, capacity 135011K, committed 135256K, reserved 1165312K
  class space    used 16732K, capacity 18468K, committed 18560K, reserved 1048576K
Event: 602.600 GC heap after
Heap after GC invocations=31 (full 5):
 PSYoungGen      total 376832K, used 37885K [0x00000000d5580000, 0x00000000f1700000, 0x0000000100000000)
  eden space 325632K, 0% used [0x00000000d5580000,0x00000000d5580000,0x00000000e9380000)
  from space 51200K, 73% used [0x00000000ee500000,0x00000000f09ff400,0x00000000f1700000)
  to   space 48128K, 0% used [0x00000000e9380000,0x00000000e9380000,0x00000000ec280000)
 ParOldGen       total 379904K, used 81842K [0x0000000080000000, 0x0000000097300000, 0x00000000d5580000)
  object space 379904K, 21% used [0x0000000080000000,0x0000000084fec960,0x0000000097300000)
 Metaspace       used 125900K, capacity 135011K, committed 135256K, reserved 1165312K
  class space    used 16732K, capacity 18468K, committed 18560K, reserved 1048576K
}

