# JRE version: Java(TM) SE Runtime Environment (8.0_221-b11) (build 1.8.0_221-b11)
# Java VM: Java HotSpot(TM) 64-Bit Server VM (25.221-b11 mixed mode windows-amd64 compressed oops)
Heap:
 PSYoungGen      total 140288K, used 68116K [0x00000000d5580000, 0x00000000dea80000, 0x0000000100000000)
  eden space 129536K, 44% used [0x00000000d5580000,0x00000000d8d8ca68,0x00000000dd400000)
  from space 10752K, 99% used [0x00000000dd400000,0x00000000dde785a0,0x00000000dde80000)
  to   space 10752K, 0% used [0x00000000de000000,0x00000000de000000,0x00000000dea80000)
 ParOldGen       total 141312K, used 17238K [0x0000000080000000, 0x0000000088a00000, 0x00000000d5580000)
  object space 141312K, 12% used [0x0000000080000000,0x00000000810d59f8,0x0000000088a00000)
 Metaspace       used 41635K, capacity 43812K, committed 43992K, reserved 1087488K
  class space    used 5854K, capacity 6314K, committed 6360K, reserved 1048576K
GC Heap History (10 events):
Event: 13.637 GC heap before
{Heap before GC invocations=5 (full 1):
 PSYoungGen      total 140288K, used 8450K [0x00000000d5580000, 0x00000000dea80000, 0x0000000100000000)
  eden space 129536K, 0% used [0x00000000d5580000,0x00000000d5580000,0x00000000dd400000)
  from space 10752K, 78% used [0x00000000de000000,0x00000000de840b00,0x00000000dea80000)
  to   space 10752K, 0% used [0x00000000dd400000,0x00000000dd400000,0x00000000dde80000)
 ParOldGen       total 175104K, used 175K [0x0000000080000000, 0x000000008ab00000, 0x00000000d5580000)
  object space 175104K, 0% used [0x0000000080000000,0x000000008002bde8,0x000000008ab00000)
 Metaspace       used 20299K, capacity 21058K, committed 21248K, reserved 1067008K
  class space    used 2998K, capacity 3201K, committed 3328K, reserved 1048576K
Event: 13.715 GC heap after
Heap after GC invocations=5 (full 1):
 PSYoungGen      total 140288K, used 0K [0x00000000d5580000, 0x00000000dea80000, 0x0000000100000000)
  eden space 129536K, 0% used [0x00000000d5580000,0x00000000d5580000,0x00000000dd400000)
  from space 10752K, 0% used [0x00000000de000000,0x00000000de000000,0x00000000dea80000)
  to   space 10752K, 0% used [0x00000000dd400000,0x00000000dd400000,0x00000000dde80000)
 ParOldGen       total 93696K, used 8259K [0x0000000080000000, 0x0000000085b80000, 0x00000000d5580000)
  object space 93696K, 8% used [0x0000000080000000,0x0000000080810f58,0x0000000085b80000)
 Metaspace       used 20299K, capacity 21058K, committed 21248K, reserved 1067008K
  class space    used 2998K, capacity 3201K, committed 3328K, reserved 1048576K
}
Event: 19.773 GC heap before
{Heap before GC invocations=6 (full 1):
 PSYoungGen      total 140288K, used 129536K [0x00000000d5580000, 0x00000000dea80000, 0x0000000100000000)
  eden space 129536K, 100% used [0x00000000d5580000,0x00000000dd400000,0x00000000dd400000)
  from space 10752K, 0% used [0x00000000de000000,0x00000000de000000,0x00000000dea80000)
  to   space 10752K, 0% used [0x00000000dd400000,0x00000000dd400000,0x00000000dde80000)
 ParOldGen       total 93696K, used 8259K [0x0000000080000000, 0x0000000085b80000, 0x00000000d5580000)
  object space 93696K, 8% used [0x0000000080000000,0x0000000080810f58,0x0000000085b80000)
 Metaspace       used 32338K, capacity 33624K, committed 33920K, reserved 1079296K
  class space    used 4572K, capacity 4873K, committed 4992K, reserved 1048576K
Event: 19.956 GC heap after
Heap after GC invocations=6 (full 1):
 PSYoungGen      total 140288K, used 10734K [0x00000000d5580000, 0x00000000dea80000, 0x0000000100000000)
  eden space 129536K, 0% used [0x00000000d5580000,0x00000000d5580000,0x00000000dd400000)
  from space 10752K, 99% used [0x00000000dd400000,0x00000000dde7b8e8,0x00000000dde80000)
  to   space 10752K, 0% used [0x00000000de000000,0x00000000de000000,0x00000000dea80000)
 ParOldGen       total 93696K, used 11328K [0x0000000080000000, 0x0000000085b80000, 0x00000000d5580000)
  object space 93696K, 12% used [0x0000000080000000,0x0000000080b10118,0x0000000085b80000)
 Metaspace       used 32338K, capacity 33624K, committed 33920K, reserved 1079296K
  class space    used 4572K, capacity 4873K, committed 4992K, reserved 1048576K
}
Event: 21.138 GC heap before
{Heap before GC invocations=7 (full 1):
 PSYoungGen      total 140288K, used 49747K [0x00000000d5580000, 0x00000000dea80000, 0x0000000100000000)
  eden space 129536K, 30% used [0x00000000d5580000,0x00000000d7b995d0,0x00000000dd400000)
  from space 10752K, 99% used [0x00000000dd400000,0x00000000dde7b8e8,0x00000000dde80000)
  to   space 10752K, 0% used [0x00000000de000000,0x00000000de000000,0x00000000dea80000)
 ParOldGen       total 93696K, used 11328K [0x0000000080000000, 0x0000000085b80000, 0x00000000d5580000)
  object space 93696K, 12% used [0x0000000080000000,0x0000000080b10118,0x0000000085b80000)
 Metaspace       used 33908K, capacity 35312K, committed 35416K, reserved 1079296K
  class space    used 4813K, capacity 5163K, committed 5208K, reserved 1048576K
Event: 21.190 GC heap after
Heap after GC invocations=7 (full 1):
 PSYoungGen      total 140288K, used 9484K [0x00000000d5580000, 0x00000000dea80000, 0x0000000100000000)
  eden space 129536K, 0% used [0x00000000d5580000,0x00000000d5580000,0x00000000dd400000)
  from space 10752K, 88% used [0x00000000de000000,0x00000000de943118,0x00000000dea80000)
  to   space 10752K, 0% used [0x00000000dd400000,0x00000000dd400000,0x00000000dde80000)
 ParOldGen       total 93696K, used 11328K [0x0000000080000000, 0x0000000085b80000, 0x00000000d5580000)
  object space 93696K, 12% used [0x0000000080000000,0x0000000080b10118,0x0000000085b80000)
 Metaspace       used 33908K, capacity 35312K, committed 35416K, reserved 1079296K
  class space    used 4813K, capacity 5163K, committed 5208K, reserved 1048576K
}
Event: 21.190 GC heap before
{Heap before GC invocations=8 (full 2):
 PSYoungGen      total 140288K, used 9484K [0x00000000d5580000, 0x00000000dea80000, 0x0000000100000000)
  eden space 129536K, 0% used [0x00000000d5580000,0x00000000d5580000,0x00000000dd400000)
  from space 10752K, 88% used [0x00000000de000000,0x00000000de943118,0x00000000dea80000)
  to   space 10752K, 0% used [0x00000000dd400000,0x00000000dd400000,0x00000000dde80000)
 ParOldGen       total 93696K, used 11328K [0x0000000080000000, 0x0000000085b80000, 0x00000000d5580000)
  object space 93696K, 12% used [0x0000000080000000,0x0000000080b10118,0x0000000085b80000)
 Metaspace       used 33908K, capacity 35312K, committed 35416K, reserved 1079296K
  class space    used 4813K, capacity 5163K, committed 5208K, reserved 1048576K
Event: 21.428 GC heap after
Heap after GC invocations=8 (full 2):
 PSYoungGen      total 140288K, used 0K [0x00000000d5580000, 0x00000000dea80000, 0x0000000100000000)
  eden space 129536K, 0% used [0x00000000d5580000,0x00000000d5580000,0x00000000dd400000)
  from space 10752K, 0% used [0x00000000de000000,0x00000000de000000,0x00000000dea80000)
  to   space 10752K, 0% used [0x00000000dd400000,0x00000000dd400000,0x00000000dde80000)
 ParOldGen       total 141312K, used 16382K [0x0000000080000000, 0x0000000088a00000, 0x00000000d5580000)
  object space 141312K, 11% used [0x0000000080000000,0x0000000080fff808,0x0000000088a00000)
 Metaspace       used 33908K, capacity 35312K, committed 35416K, reserved 1079296K
  class space    used 4813K, capacity 5163K, committed 5208K, reserved 1048576K
}
Event: 25.134 GC heap before
{Heap before GC invocations=9 (full 2):
 PSYoungGen      total 140288K, used 129536K [0x00000000d5580000, 0x00000000dea80000, 0x0000000100000000)
  eden space 129536K, 100% used [0x00000000d5580000,0x00000000dd400000,0x00000000dd400000)
  from space 10752K, 0% used [0x00000000de000000,0x00000000de000000,0x00000000dea80000)
  to   space 10752K, 0% used [0x00000000dd400000,0x00000000dd400000,0x00000000dde80000)
 ParOldGen       total 141312K, used 16382K [0x0000000080000000, 0x0000000088a00000, 0x00000000d5580000)
  object space 141312K, 11% used [0x0000000080000000,0x0000000080fff808,0x0000000088a00000)
 Metaspace       used 39930K, capacity 41910K, committed 42200K, reserved 1085440K
  class space    used 5631K, capacity 6054K, committed 6104K, reserved 1048576K
Event: 25.146 GC heap after
Heap after GC invocations=9 (full 2):
 PSYoungGen      total 140288K, used 10721K [0x00000000d5580000, 0x00000000dea80000, 0x0000000100000000)
  eden space 129536K, 0% used [0x00000000d5580000,0x00000000d5580000,0x00000000dd400000)
  from space 10752K, 99% used [0x00000000dd400000,0x00000000dde785a0,0x00000000dde80000)
  to   space 10752K, 0% used [0x00000000de000000,0x00000000de000000,0x00000000dea80000)
 ParOldGen       total 141312K, used 17238K [0x0000000080000000, 0x0000000088a00000, 0x00000000d5580000)
  object space 141312K, 12% used [0x0000000080000000,0x00000000810d59f8,0x0000000088a00000)
 Metaspace       used 39930K, capacity 41910K, committed 42200K, reserved 1085440K
  class space    used 5631K, capacity 6054K, committed 6104K, reserved 1048576K
}

